0 info it worked if it ends with ok
1 verbose cli [ '/usr/local/bin/node', '/usr/local/bin/npm', 'run', 'server' ]
2 info using npm@3.10.9
3 info using node@v7.2.0
4 verbose run-script [ 'preserver', 'server', 'postserver' ]
5 info lifecycle modern-js-03-react-todo@1.0.0~preserver: modern-js-03-react-todo@1.0.0
6 silly lifecycle modern-js-03-react-todo@1.0.0~preserver: no script for preserver, continuing
7 info lifecycle modern-js-03-react-todo@1.0.0~server: modern-js-03-react-todo@1.0.0
8 verbose lifecycle modern-js-03-react-todo@1.0.0~server: unsafe-perm in lifecycle true
9 verbose lifecycle modern-js-03-react-todo@1.0.0~server: PATH: /usr/local/lib/node_modules/npm/bin/node-gyp-bin:/Users/salvatore/Projects/modern-js-03-react-todo/node_modules/.bin:/Users/salvatore/Projects/modern-js-03-react-todo/node_modules/.bin:/Users/salvatore/.config/yarn/link/node_modules/.bin:/Users/salvatore/Projects/modern-js-03-react-todo/node_modules/.bin:/Users/salvatore/.config/yarn/link/node_modules/.bin:/usr/local/Cellar/yarn/0.17.10/libexec/lib/node_modules/yarn/bin/node-gyp-bin:/Users/salvatore/.yarn/bin:/opt/local/bin:/opt/local/sbin:/usr/local/bin:/usr/bin:/bin:/usr/sbin:/sbin:/usr/local/git/bin:/Users/salvatore/.composer/vendor/bin
10 verbose lifecycle modern-js-03-react-todo@1.0.0~server: CWD: /Users/salvatore/Projects/modern-js-03-react-todo
11 silly lifecycle modern-js-03-react-todo@1.0.0~server: Args: [ '-c', 'http-server ./dist -s' ]
12 silly lifecycle modern-js-03-react-todo@1.0.0~server: Returned: code: 1  signal: null
13 info lifecycle modern-js-03-react-todo@1.0.0~server: Failed to exec server script
14 verbose stack Error: modern-js-03-react-todo@1.0.0 server: `http-server ./dist -s`
14 verbose stack Exit status 1
14 verbose stack     at EventEmitter.<anonymous> (/usr/local/lib/node_modules/npm/lib/utils/lifecycle.js:255:16)
14 verbose stack     at emitTwo (events.js:106:13)
14 verbose stack     at EventEmitter.emit (events.js:191:7)
14 verbose stack     at ChildProcess.<anonymous> (/usr/local/lib/node_modules/npm/lib/utils/spawn.js:40:14)
14 verbose stack     at emitTwo (events.js:106:13)
14 verbose stack     at ChildProcess.emit (events.js:191:7)
14 verbose stack     at maybeClose (internal/child_process.js:885:16)
14 verbose stack     at Process.ChildProcess._handle.onexit (internal/child_process.js:226:5)
15 verbose pkgid modern-js-03-react-todo@1.0.0
16 verbose cwd /Users/salvatore/Projects/modern-js-03-react-todo
17 error Darwin 16.3.0
18 error argv "/usr/local/bin/node" "/usr/local/bin/npm" "run" "server"
19 error node v7.2.0
20 error npm  v3.10.9
21 error code ELIFECYCLE
22 error modern-js-03-react-todo@1.0.0 server: `http-server ./dist -s`
22 error Exit status 1
23 error Failed at the modern-js-03-react-todo@1.0.0 server script 'http-server ./dist -s'.
23 error Make sure you have the latest version of node.js and npm installed.
23 error If you do, this is most likely a problem with the modern-js-03-react-todo package,
23 error not with npm itself.
23 error Tell the author that this fails on your system:
23 error     http-server ./dist -s
23 error You can get information on how to open an issue for this project with:
23 error     npm bugs modern-js-03-react-todo
23 error Or if that isn't available, you can get their info via:
23 error     npm owner ls modern-js-03-react-todo
23 error There is likely additional logging output above.
24 verbose exit [ 1, true ]
